<?xml version="1.0" encoding="UTF-8"?>
<testsuites>
  <testsuite name="" tests="46" assertions="117" errors="0" warnings="0" failures="0" skipped="0" time="0.327765">
    <testsuite name="Project Test Suite" tests="46" assertions="117" errors="0" warnings="0" failures="0" skipped="0" time="0.327765">
      <testsuite name="App\Tests\Service\ProjGameStateTest" file="/home/grimgoren/dbwebb-kurser/mvc/me/report/tests/Blackjack/ProjGameStateTest.php" tests="13" assertions="13" errors="0" warnings="0" failures="0" skipped="0" time="0.005565">
        <testcase name="testDealerWon" class="App\Tests\Service\ProjGameStateTest" classname="App.Tests.Service.ProjGameStateTest" file="/home/grimgoren/dbwebb-kurser/mvc/me/report/tests/Blackjack/ProjGameStateTest.php" line="10" assertions="1" time="0.003535"/>
        <testcase name="testPlayerWon" class="App\Tests\Service\ProjGameStateTest" classname="App.Tests.Service.ProjGameStateTest" file="/home/grimgoren/dbwebb-kurser/mvc/me/report/tests/Blackjack/ProjGameStateTest.php" line="24" assertions="1" time="0.000195"/>
        <testcase name="testPlayerBlackjack" class="App\Tests\Service\ProjGameStateTest" classname="App.Tests.Service.ProjGameStateTest" file="/home/grimgoren/dbwebb-kurser/mvc/me/report/tests/Blackjack/ProjGameStateTest.php" line="38" assertions="1" time="0.000176"/>
        <testcase name="testPlayerWin21" class="App\Tests\Service\ProjGameStateTest" classname="App.Tests.Service.ProjGameStateTest" file="/home/grimgoren/dbwebb-kurser/mvc/me/report/tests/Blackjack/ProjGameStateTest.php" line="52" assertions="1" time="0.000179"/>
        <testcase name="testDealerWin21" class="App\Tests\Service\ProjGameStateTest" classname="App.Tests.Service.ProjGameStateTest" file="/home/grimgoren/dbwebb-kurser/mvc/me/report/tests/Blackjack/ProjGameStateTest.php" line="66" assertions="1" time="0.000163"/>
        <testcase name="testDealerBust" class="App\Tests\Service\ProjGameStateTest" classname="App.Tests.Service.ProjGameStateTest" file="/home/grimgoren/dbwebb-kurser/mvc/me/report/tests/Blackjack/ProjGameStateTest.php" line="80" assertions="1" time="0.000188"/>
        <testcase name="testPlayerBust" class="App\Tests\Service\ProjGameStateTest" classname="App.Tests.Service.ProjGameStateTest" file="/home/grimgoren/dbwebb-kurser/mvc/me/report/tests/Blackjack/ProjGameStateTest.php" line="94" assertions="1" time="0.000149"/>
        <testcase name="testPush" class="App\Tests\Service\ProjGameStateTest" classname="App.Tests.Service.ProjGameStateTest" file="/home/grimgoren/dbwebb-kurser/mvc/me/report/tests/Blackjack/ProjGameStateTest.php" line="108" assertions="1" time="0.000183"/>
        <testcase name="testPayOut" class="App\Tests\Service\ProjGameStateTest" classname="App.Tests.Service.ProjGameStateTest" file="/home/grimgoren/dbwebb-kurser/mvc/me/report/tests/Blackjack/ProjGameStateTest.php" line="122" assertions="1" time="0.000149"/>
        <testcase name="testPayOutBlackjack" class="App\Tests\Service\ProjGameStateTest" classname="App.Tests.Service.ProjGameStateTest" file="/home/grimgoren/dbwebb-kurser/mvc/me/report/tests/Blackjack/ProjGameStateTest.php" line="134" assertions="1" time="0.000164"/>
        <testcase name="testPayOutPush" class="App\Tests\Service\ProjGameStateTest" classname="App.Tests.Service.ProjGameStateTest" file="/home/grimgoren/dbwebb-kurser/mvc/me/report/tests/Blackjack/ProjGameStateTest.php" line="146" assertions="1" time="0.000156"/>
        <testcase name="testPayOutBusted" class="App\Tests\Service\ProjGameStateTest" classname="App.Tests.Service.ProjGameStateTest" file="/home/grimgoren/dbwebb-kurser/mvc/me/report/tests/Blackjack/ProjGameStateTest.php" line="158" assertions="1" time="0.000170"/>
        <testcase name="testPayOutDealer" class="App\Tests\Service\ProjGameStateTest" classname="App.Tests.Service.ProjGameStateTest" file="/home/grimgoren/dbwebb-kurser/mvc/me/report/tests/Blackjack/ProjGameStateTest.php" line="170" assertions="1" time="0.000157"/>
      </testsuite>
      <testsuite name="App\Card\CardGraphicTest" file="/home/grimgoren/dbwebb-kurser/mvc/me/report/tests/Card/CardGraphicTest.php" tests="3" assertions="5" errors="0" warnings="0" failures="0" skipped="0" time="0.001705">
        <testcase name="testCreateCard" class="App\Card\CardGraphicTest" classname="App.Card.CardGraphicTest" file="/home/grimgoren/dbwebb-kurser/mvc/me/report/tests/Card/CardGraphicTest.php" line="16" assertions="3" time="0.001268"/>
        <testcase name="testGetRank" class="App\Card\CardGraphicTest" classname="App.Card.CardGraphicTest" file="/home/grimgoren/dbwebb-kurser/mvc/me/report/tests/Card/CardGraphicTest.php" line="32" assertions="1" time="0.000252"/>
        <testcase name="testGetSuit" class="App\Card\CardGraphicTest" classname="App.Card.CardGraphicTest" file="/home/grimgoren/dbwebb-kurser/mvc/me/report/tests/Card/CardGraphicTest.php" line="45" assertions="1" time="0.000184"/>
      </testsuite>
      <testsuite name="App\Card\CardHandTest" file="/home/grimgoren/dbwebb-kurser/mvc/me/report/tests/Card/CardHandTest.php" tests="4" assertions="10" errors="0" warnings="0" failures="0" skipped="0" time="0.001555">
        <testcase name="testCreateCardHand" class="App\Card\CardHandTest" classname="App.Card.CardHandTest" file="/home/grimgoren/dbwebb-kurser/mvc/me/report/tests/Card/CardHandTest.php" line="15" assertions="2" time="0.000421"/>
        <testcase name="testAddCardToHand" class="App\Card\CardHandTest" classname="App.Card.CardHandTest" file="/home/grimgoren/dbwebb-kurser/mvc/me/report/tests/Card/CardHandTest.php" line="26" assertions="2" time="0.000491"/>
        <testcase name="testGetCardsAsString" class="App\Card\CardHandTest" classname="App.Card.CardHandTest" file="/home/grimgoren/dbwebb-kurser/mvc/me/report/tests/Card/CardHandTest.php" line="42" assertions="3" time="0.000209"/>
        <testcase name="testGetHandValue" class="App\Card\CardHandTest" classname="App.Card.CardHandTest" file="/home/grimgoren/dbwebb-kurser/mvc/me/report/tests/Card/CardHandTest.php" line="65" assertions="3" time="0.000434"/>
      </testsuite>
      <testsuite name="App\Card\CardTest" file="/home/grimgoren/dbwebb-kurser/mvc/me/report/tests/Card/CardTest.php" tests="3" assertions="5" errors="0" warnings="0" failures="0" skipped="0" time="0.000618">
        <testcase name="testCreateCard" class="App\Card\CardTest" classname="App.Card.CardTest" file="/home/grimgoren/dbwebb-kurser/mvc/me/report/tests/Card/CardTest.php" line="16" assertions="3" time="0.000219"/>
        <testcase name="testGetRank" class="App\Card\CardTest" classname="App.Card.CardTest" file="/home/grimgoren/dbwebb-kurser/mvc/me/report/tests/Card/CardTest.php" line="32" assertions="1" time="0.000190"/>
        <testcase name="testGetSuit" class="App\Card\CardTest" classname="App.Card.CardTest" file="/home/grimgoren/dbwebb-kurser/mvc/me/report/tests/Card/CardTest.php" line="45" assertions="1" time="0.000208"/>
      </testsuite>
      <testsuite name="App\Card\DeckOfCardsTest" file="/home/grimgoren/dbwebb-kurser/mvc/me/report/tests/Card/DeckOfCardsTest.php" tests="6" assertions="14" errors="0" warnings="0" failures="0" skipped="0" time="0.017728">
        <testcase name="testInitializeDeck" class="App\Card\DeckOfCardsTest" classname="App.Card.DeckOfCardsTest" file="/home/grimgoren/dbwebb-kurser/mvc/me/report/tests/Card/DeckOfCardsTest.php" line="15" assertions="3" time="0.000345"/>
        <testcase name="testShuffleDeck" class="App\Card\DeckOfCardsTest" classname="App.Card.DeckOfCardsTest" file="/home/grimgoren/dbwebb-kurser/mvc/me/report/tests/Card/DeckOfCardsTest.php" line="29" assertions="2" time="0.007400"/>
        <testcase name="testDrawCard" class="App\Card\DeckOfCardsTest" classname="App.Card.DeckOfCardsTest" file="/home/grimgoren/dbwebb-kurser/mvc/me/report/tests/Card/DeckOfCardsTest.php" line="44" assertions="2" time="0.000303"/>
        <testcase name="testDrawManyOfCard" class="App\Card\DeckOfCardsTest" classname="App.Card.DeckOfCardsTest" file="/home/grimgoren/dbwebb-kurser/mvc/me/report/tests/Card/DeckOfCardsTest.php" line="57" assertions="2" time="0.000387"/>
        <testcase name="testGetAsString" class="App\Card\DeckOfCardsTest" classname="App.Card.DeckOfCardsTest" file="/home/grimgoren/dbwebb-kurser/mvc/me/report/tests/Card/DeckOfCardsTest.php" line="86" assertions="2" time="0.000757"/>
        <testcase name="testSortByValue" class="App\Card\DeckOfCardsTest" classname="App.Card.DeckOfCardsTest" file="/home/grimgoren/dbwebb-kurser/mvc/me/report/tests/Card/DeckOfCardsTest.php" line="99" assertions="3" time="0.008536"/>
      </testsuite>
      <testsuite name="App\Dice\DiceTest" file="/home/grimgoren/dbwebb-kurser/mvc/me/report/tests/Dice/DiceTest.php" tests="1" assertions="2" errors="0" warnings="0" failures="0" skipped="0" time="0.000393">
        <testcase name="testCreateDice" class="App\Dice\DiceTest" classname="App.Dice.DiceTest" file="/home/grimgoren/dbwebb-kurser/mvc/me/report/tests/Dice/DiceTest.php" line="16" assertions="2" time="0.000393"/>
      </testsuite>
      <testsuite name="App\Tests\Controller\LibraryControllerJsonTest" file="/home/grimgoren/dbwebb-kurser/mvc/me/report/tests/Library/LibraryControllerJsonTest.php" tests="3" assertions="15" errors="0" warnings="0" failures="0" skipped="0" time="0.160739">
        <testcase name="testShowAllLibraryItemsJson" class="App\Tests\Controller\LibraryControllerJsonTest" classname="App.Tests.Controller.LibraryControllerJsonTest" file="/home/grimgoren/dbwebb-kurser/mvc/me/report/tests/Library/LibraryControllerJsonTest.php" line="12" assertions="5" time="0.147456"/>
        <testcase name="testShowLibraryItemByIdJson" class="App\Tests\Controller\LibraryControllerJsonTest" classname="App.Tests.Controller.LibraryControllerJsonTest" file="/home/grimgoren/dbwebb-kurser/mvc/me/report/tests/Library/LibraryControllerJsonTest.php" line="29" assertions="5" time="0.007048"/>
        <testcase name="testShowLibraryItemByISBNJson" class="App\Tests\Controller\LibraryControllerJsonTest" classname="App.Tests.Controller.LibraryControllerJsonTest" file="/home/grimgoren/dbwebb-kurser/mvc/me/report/tests/Library/LibraryControllerJsonTest.php" line="46" assertions="5" time="0.006235"/>
      </testsuite>
      <testsuite name="App\Tests\Controller\LibraryControllerTest" file="/home/grimgoren/dbwebb-kurser/mvc/me/report/tests/Library/LibraryControllerTest.php" tests="13" assertions="53" errors="0" warnings="0" failures="0" skipped="0" time="0.139463">
        <testcase name="testIndexPage" class="App\Tests\Controller\LibraryControllerTest" classname="App.Tests.Controller.LibraryControllerTest" file="/home/grimgoren/dbwebb-kurser/mvc/me/report/tests/Library/LibraryControllerTest.php" line="12" assertions="5" time="0.023873"/>
        <testcase name="testLandingPage" class="App\Tests\Controller\LibraryControllerTest" classname="App.Tests.Controller.LibraryControllerTest" file="/home/grimgoren/dbwebb-kurser/mvc/me/report/tests/Library/LibraryControllerTest.php" line="25" assertions="5" time="0.008831"/>
        <testcase name="testAddBookPage" class="App\Tests\Controller\LibraryControllerTest" classname="App.Tests.Controller.LibraryControllerTest" file="/home/grimgoren/dbwebb-kurser/mvc/me/report/tests/Library/LibraryControllerTest.php" line="38" assertions="5" time="0.009363"/>
        <testcase name="testShowAllBooksPage" class="App\Tests\Controller\LibraryControllerTest" classname="App.Tests.Controller.LibraryControllerTest" file="/home/grimgoren/dbwebb-kurser/mvc/me/report/tests/Library/LibraryControllerTest.php" line="51" assertions="5" time="0.010907"/>
        <testcase name="testShowBookDetailsPage" class="App\Tests\Controller\LibraryControllerTest" classname="App.Tests.Controller.LibraryControllerTest" file="/home/grimgoren/dbwebb-kurser/mvc/me/report/tests/Library/LibraryControllerTest.php" line="64" assertions="5" time="0.022426"/>
        <testcase name="testShowBookDetailsFakeData" class="App\Tests\Controller\LibraryControllerTest" classname="App.Tests.Controller.LibraryControllerTest" file="/home/grimgoren/dbwebb-kurser/mvc/me/report/tests/Library/LibraryControllerTest.php" line="77" assertions="2" time="0.007165"/>
        <testcase name="testCreateBookFailPage" class="App\Tests\Controller\LibraryControllerTest" classname="App.Tests.Controller.LibraryControllerTest" file="/home/grimgoren/dbwebb-kurser/mvc/me/report/tests/Library/LibraryControllerTest.php" line="87" assertions="5" time="0.009063"/>
        <testcase name="testSearchFailPage" class="App\Tests\Controller\LibraryControllerTest" classname="App.Tests.Controller.LibraryControllerTest" file="/home/grimgoren/dbwebb-kurser/mvc/me/report/tests/Library/LibraryControllerTest.php" line="100" assertions="3" time="0.005043"/>
        <testcase name="testSearchSuccessPage" class="App\Tests\Controller\LibraryControllerTest" classname="App.Tests.Controller.LibraryControllerTest" file="/home/grimgoren/dbwebb-kurser/mvc/me/report/tests/Library/LibraryControllerTest.php" line="111" assertions="4" time="0.011577"/>
        <testcase name="testEditPage" class="App\Tests\Controller\LibraryControllerTest" classname="App.Tests.Controller.LibraryControllerTest" file="/home/grimgoren/dbwebb-kurser/mvc/me/report/tests/Library/LibraryControllerTest.php" line="126" assertions="5" time="0.012614"/>
        <testcase name="testEditPageFailPage" class="App\Tests\Controller\LibraryControllerTest" classname="App.Tests.Controller.LibraryControllerTest" file="/home/grimgoren/dbwebb-kurser/mvc/me/report/tests/Library/LibraryControllerTest.php" line="139" assertions="3" time="0.006669"/>
        <testcase name="testEditBookInvalidData" class="App\Tests\Controller\LibraryControllerTest" classname="App.Tests.Controller.LibraryControllerTest" file="/home/grimgoren/dbwebb-kurser/mvc/me/report/tests/Library/LibraryControllerTest.php" line="150" assertions="3" time="0.005996"/>
        <testcase name="testLibraryDeleteFailPage" class="App\Tests\Controller\LibraryControllerTest" classname="App.Tests.Controller.LibraryControllerTest" file="/home/grimgoren/dbwebb-kurser/mvc/me/report/tests/Library/LibraryControllerTest.php" line="166" assertions="3" time="0.005934"/>
      </testsuite>
    </testsuite>
  </testsuite>
</testsuites>
