<?xml version="1.0" encoding="UTF-8"?>
<testsuites>
  <testsuite name="" tests="33" assertions="104" errors="0" warnings="0" failures="0" skipped="0" time="0.316682">
    <testsuite name="Project Test Suite" tests="33" assertions="104" errors="0" warnings="0" failures="0" skipped="0" time="0.316682">
      <testsuite name="App\Card\CardGraphicTest" file="/home/grimgoren/dbwebb-kurser/mvc/me/report/tests/Card/CardGraphicTest.php" tests="3" assertions="5" errors="0" warnings="0" failures="0" skipped="0" time="0.004455">
        <testcase name="testCreateCard" class="App\Card\CardGraphicTest" classname="App.Card.CardGraphicTest" file="/home/grimgoren/dbwebb-kurser/mvc/me/report/tests/Card/CardGraphicTest.php" line="16" assertions="3" time="0.004053"/>
        <testcase name="testGetRank" class="App\Card\CardGraphicTest" classname="App.Card.CardGraphicTest" file="/home/grimgoren/dbwebb-kurser/mvc/me/report/tests/Card/CardGraphicTest.php" line="32" assertions="1" time="0.000214"/>
        <testcase name="testGetSuit" class="App\Card\CardGraphicTest" classname="App.Card.CardGraphicTest" file="/home/grimgoren/dbwebb-kurser/mvc/me/report/tests/Card/CardGraphicTest.php" line="45" assertions="1" time="0.000188"/>
      </testsuite>
      <testsuite name="App\Card\CardHandTest" file="/home/grimgoren/dbwebb-kurser/mvc/me/report/tests/Card/CardHandTest.php" tests="4" assertions="10" errors="0" warnings="0" failures="0" skipped="0" time="0.001512">
        <testcase name="testCreateCardHand" class="App\Card\CardHandTest" classname="App.Card.CardHandTest" file="/home/grimgoren/dbwebb-kurser/mvc/me/report/tests/Card/CardHandTest.php" line="15" assertions="2" time="0.000411"/>
        <testcase name="testAddCardToHand" class="App\Card\CardHandTest" classname="App.Card.CardHandTest" file="/home/grimgoren/dbwebb-kurser/mvc/me/report/tests/Card/CardHandTest.php" line="26" assertions="2" time="0.000486"/>
        <testcase name="testGetCardsAsString" class="App\Card\CardHandTest" classname="App.Card.CardHandTest" file="/home/grimgoren/dbwebb-kurser/mvc/me/report/tests/Card/CardHandTest.php" line="42" assertions="3" time="0.000202"/>
        <testcase name="testGetHandValue" class="App\Card\CardHandTest" classname="App.Card.CardHandTest" file="/home/grimgoren/dbwebb-kurser/mvc/me/report/tests/Card/CardHandTest.php" line="65" assertions="3" time="0.000413"/>
      </testsuite>
      <testsuite name="App\Card\CardTest" file="/home/grimgoren/dbwebb-kurser/mvc/me/report/tests/Card/CardTest.php" tests="3" assertions="5" errors="0" warnings="0" failures="0" skipped="0" time="0.000530">
        <testcase name="testCreateCard" class="App\Card\CardTest" classname="App.Card.CardTest" file="/home/grimgoren/dbwebb-kurser/mvc/me/report/tests/Card/CardTest.php" line="16" assertions="3" time="0.000205"/>
        <testcase name="testGetRank" class="App\Card\CardTest" classname="App.Card.CardTest" file="/home/grimgoren/dbwebb-kurser/mvc/me/report/tests/Card/CardTest.php" line="32" assertions="1" time="0.000163"/>
        <testcase name="testGetSuit" class="App\Card\CardTest" classname="App.Card.CardTest" file="/home/grimgoren/dbwebb-kurser/mvc/me/report/tests/Card/CardTest.php" line="45" assertions="1" time="0.000162"/>
      </testsuite>
      <testsuite name="App\Card\DeckOfCardsTest" file="/home/grimgoren/dbwebb-kurser/mvc/me/report/tests/Card/DeckOfCardsTest.php" tests="6" assertions="14" errors="0" warnings="0" failures="0" skipped="0" time="0.017208">
        <testcase name="testInitializeDeck" class="App\Card\DeckOfCardsTest" classname="App.Card.DeckOfCardsTest" file="/home/grimgoren/dbwebb-kurser/mvc/me/report/tests/Card/DeckOfCardsTest.php" line="15" assertions="3" time="0.000297"/>
        <testcase name="testShuffleDeck" class="App\Card\DeckOfCardsTest" classname="App.Card.DeckOfCardsTest" file="/home/grimgoren/dbwebb-kurser/mvc/me/report/tests/Card/DeckOfCardsTest.php" line="29" assertions="2" time="0.007211"/>
        <testcase name="testDrawCard" class="App\Card\DeckOfCardsTest" classname="App.Card.DeckOfCardsTest" file="/home/grimgoren/dbwebb-kurser/mvc/me/report/tests/Card/DeckOfCardsTest.php" line="44" assertions="2" time="0.000285"/>
        <testcase name="testDrawManyOfCard" class="App\Card\DeckOfCardsTest" classname="App.Card.DeckOfCardsTest" file="/home/grimgoren/dbwebb-kurser/mvc/me/report/tests/Card/DeckOfCardsTest.php" line="57" assertions="2" time="0.000356"/>
        <testcase name="testGetAsString" class="App\Card\DeckOfCardsTest" classname="App.Card.DeckOfCardsTest" file="/home/grimgoren/dbwebb-kurser/mvc/me/report/tests/Card/DeckOfCardsTest.php" line="86" assertions="2" time="0.000694"/>
        <testcase name="testSortByValue" class="App\Card\DeckOfCardsTest" classname="App.Card.DeckOfCardsTest" file="/home/grimgoren/dbwebb-kurser/mvc/me/report/tests/Card/DeckOfCardsTest.php" line="99" assertions="3" time="0.008365"/>
      </testsuite>
      <testsuite name="App\Dice\DiceTest" file="/home/grimgoren/dbwebb-kurser/mvc/me/report/tests/Dice/DiceTest.php" tests="1" assertions="2" errors="0" warnings="0" failures="0" skipped="0" time="0.000405">
        <testcase name="testCreateDice" class="App\Dice\DiceTest" classname="App.Dice.DiceTest" file="/home/grimgoren/dbwebb-kurser/mvc/me/report/tests/Dice/DiceTest.php" line="16" assertions="2" time="0.000405"/>
      </testsuite>
      <testsuite name="App\Tests\Controller\LibraryControllerJsonTest" file="/home/grimgoren/dbwebb-kurser/mvc/me/report/tests/Library/LibraryControllerJsonTest.php" tests="3" assertions="15" errors="0" warnings="0" failures="0" skipped="0" time="0.158731">
        <testcase name="testShowAllLibraryItemsJson" class="App\Tests\Controller\LibraryControllerJsonTest" classname="App.Tests.Controller.LibraryControllerJsonTest" file="/home/grimgoren/dbwebb-kurser/mvc/me/report/tests/Library/LibraryControllerJsonTest.php" line="12" assertions="5" time="0.142605"/>
        <testcase name="testShowLibraryItemByIdJson" class="App\Tests\Controller\LibraryControllerJsonTest" classname="App.Tests.Controller.LibraryControllerJsonTest" file="/home/grimgoren/dbwebb-kurser/mvc/me/report/tests/Library/LibraryControllerJsonTest.php" line="29" assertions="5" time="0.008855"/>
        <testcase name="testShowLibraryItemByISBNJson" class="App\Tests\Controller\LibraryControllerJsonTest" classname="App.Tests.Controller.LibraryControllerJsonTest" file="/home/grimgoren/dbwebb-kurser/mvc/me/report/tests/Library/LibraryControllerJsonTest.php" line="46" assertions="5" time="0.007271"/>
      </testsuite>
      <testsuite name="App\Tests\Controller\LibraryControllerTest" file="/home/grimgoren/dbwebb-kurser/mvc/me/report/tests/Library/LibraryControllerTest.php" tests="13" assertions="53" errors="0" warnings="0" failures="0" skipped="0" time="0.133840">
        <testcase name="testIndexPage" class="App\Tests\Controller\LibraryControllerTest" classname="App.Tests.Controller.LibraryControllerTest" file="/home/grimgoren/dbwebb-kurser/mvc/me/report/tests/Library/LibraryControllerTest.php" line="12" assertions="5" time="0.024086"/>
        <testcase name="testLandingPage" class="App\Tests\Controller\LibraryControllerTest" classname="App.Tests.Controller.LibraryControllerTest" file="/home/grimgoren/dbwebb-kurser/mvc/me/report/tests/Library/LibraryControllerTest.php" line="25" assertions="5" time="0.009721"/>
        <testcase name="testAddBookPage" class="App\Tests\Controller\LibraryControllerTest" classname="App.Tests.Controller.LibraryControllerTest" file="/home/grimgoren/dbwebb-kurser/mvc/me/report/tests/Library/LibraryControllerTest.php" line="38" assertions="5" time="0.012553"/>
        <testcase name="testShowAllBooksPage" class="App\Tests\Controller\LibraryControllerTest" classname="App.Tests.Controller.LibraryControllerTest" file="/home/grimgoren/dbwebb-kurser/mvc/me/report/tests/Library/LibraryControllerTest.php" line="51" assertions="5" time="0.010801"/>
        <testcase name="testShowBookDetailsPage" class="App\Tests\Controller\LibraryControllerTest" classname="App.Tests.Controller.LibraryControllerTest" file="/home/grimgoren/dbwebb-kurser/mvc/me/report/tests/Library/LibraryControllerTest.php" line="64" assertions="5" time="0.021592"/>
        <testcase name="testShowBookDetailsFakeData" class="App\Tests\Controller\LibraryControllerTest" classname="App.Tests.Controller.LibraryControllerTest" file="/home/grimgoren/dbwebb-kurser/mvc/me/report/tests/Library/LibraryControllerTest.php" line="77" assertions="2" time="0.006305"/>
        <testcase name="testCreateBookFailPage" class="App\Tests\Controller\LibraryControllerTest" classname="App.Tests.Controller.LibraryControllerTest" file="/home/grimgoren/dbwebb-kurser/mvc/me/report/tests/Library/LibraryControllerTest.php" line="87" assertions="5" time="0.008027"/>
        <testcase name="testSearchFailPage" class="App\Tests\Controller\LibraryControllerTest" classname="App.Tests.Controller.LibraryControllerTest" file="/home/grimgoren/dbwebb-kurser/mvc/me/report/tests/Library/LibraryControllerTest.php" line="100" assertions="3" time="0.004502"/>
        <testcase name="testSearchSuccessPage" class="App\Tests\Controller\LibraryControllerTest" classname="App.Tests.Controller.LibraryControllerTest" file="/home/grimgoren/dbwebb-kurser/mvc/me/report/tests/Library/LibraryControllerTest.php" line="111" assertions="4" time="0.009562"/>
        <testcase name="testEditPage" class="App\Tests\Controller\LibraryControllerTest" classname="App.Tests.Controller.LibraryControllerTest" file="/home/grimgoren/dbwebb-kurser/mvc/me/report/tests/Library/LibraryControllerTest.php" line="126" assertions="5" time="0.011194"/>
        <testcase name="testEditPageFailPage" class="App\Tests\Controller\LibraryControllerTest" classname="App.Tests.Controller.LibraryControllerTest" file="/home/grimgoren/dbwebb-kurser/mvc/me/report/tests/Library/LibraryControllerTest.php" line="139" assertions="3" time="0.005069"/>
        <testcase name="testEditBookInvalidData" class="App\Tests\Controller\LibraryControllerTest" classname="App.Tests.Controller.LibraryControllerTest" file="/home/grimgoren/dbwebb-kurser/mvc/me/report/tests/Library/LibraryControllerTest.php" line="150" assertions="3" time="0.005451"/>
        <testcase name="testLibraryDeleteFailPage" class="App\Tests\Controller\LibraryControllerTest" classname="App.Tests.Controller.LibraryControllerTest" file="/home/grimgoren/dbwebb-kurser/mvc/me/report/tests/Library/LibraryControllerTest.php" line="166" assertions="3" time="0.004978"/>
      </testsuite>
    </testsuite>
  </testsuite>
</testsuites>
