<?xml version="1.0" encoding="UTF-8"?>
<testsuites>
  <testsuite name="" tests="46" assertions="117" errors="0" warnings="0" failures="0" skipped="0" time="0.313551">
    <testsuite name="Project Test Suite" tests="46" assertions="117" errors="0" warnings="0" failures="0" skipped="0" time="0.313551">
      <testsuite name="App\Tests\Service\ProjGameStateTest" file="/home/grimgoren/dbwebb-kurser/mvc/me/report/tests/Blackjack/ProjGameStateTest.php" tests="13" assertions="13" errors="0" warnings="0" failures="0" skipped="0" time="0.005321">
        <testcase name="testDealerWon" class="App\Tests\Service\ProjGameStateTest" classname="App.Tests.Service.ProjGameStateTest" file="/home/grimgoren/dbwebb-kurser/mvc/me/report/tests/Blackjack/ProjGameStateTest.php" line="10" assertions="1" time="0.003187"/>
        <testcase name="testPlayerWon" class="App\Tests\Service\ProjGameStateTest" classname="App.Tests.Service.ProjGameStateTest" file="/home/grimgoren/dbwebb-kurser/mvc/me/report/tests/Blackjack/ProjGameStateTest.php" line="24" assertions="1" time="0.000217"/>
        <testcase name="testPlayerBlackjack" class="App\Tests\Service\ProjGameStateTest" classname="App.Tests.Service.ProjGameStateTest" file="/home/grimgoren/dbwebb-kurser/mvc/me/report/tests/Blackjack/ProjGameStateTest.php" line="38" assertions="1" time="0.000165"/>
        <testcase name="testPlayerWin21" class="App\Tests\Service\ProjGameStateTest" classname="App.Tests.Service.ProjGameStateTest" file="/home/grimgoren/dbwebb-kurser/mvc/me/report/tests/Blackjack/ProjGameStateTest.php" line="52" assertions="1" time="0.000166"/>
        <testcase name="testDealerWin21" class="App\Tests\Service\ProjGameStateTest" classname="App.Tests.Service.ProjGameStateTest" file="/home/grimgoren/dbwebb-kurser/mvc/me/report/tests/Blackjack/ProjGameStateTest.php" line="66" assertions="1" time="0.000180"/>
        <testcase name="testDealerBust" class="App\Tests\Service\ProjGameStateTest" classname="App.Tests.Service.ProjGameStateTest" file="/home/grimgoren/dbwebb-kurser/mvc/me/report/tests/Blackjack/ProjGameStateTest.php" line="80" assertions="1" time="0.000214"/>
        <testcase name="testPlayerBust" class="App\Tests\Service\ProjGameStateTest" classname="App.Tests.Service.ProjGameStateTest" file="/home/grimgoren/dbwebb-kurser/mvc/me/report/tests/Blackjack/ProjGameStateTest.php" line="94" assertions="1" time="0.000163"/>
        <testcase name="testPush" class="App\Tests\Service\ProjGameStateTest" classname="App.Tests.Service.ProjGameStateTest" file="/home/grimgoren/dbwebb-kurser/mvc/me/report/tests/Blackjack/ProjGameStateTest.php" line="108" assertions="1" time="0.000170"/>
        <testcase name="testPayOut" class="App\Tests\Service\ProjGameStateTest" classname="App.Tests.Service.ProjGameStateTest" file="/home/grimgoren/dbwebb-kurser/mvc/me/report/tests/Blackjack/ProjGameStateTest.php" line="122" assertions="1" time="0.000164"/>
        <testcase name="testPayOutBlackjack" class="App\Tests\Service\ProjGameStateTest" classname="App.Tests.Service.ProjGameStateTest" file="/home/grimgoren/dbwebb-kurser/mvc/me/report/tests/Blackjack/ProjGameStateTest.php" line="134" assertions="1" time="0.000171"/>
        <testcase name="testPayOutPush" class="App\Tests\Service\ProjGameStateTest" classname="App.Tests.Service.ProjGameStateTest" file="/home/grimgoren/dbwebb-kurser/mvc/me/report/tests/Blackjack/ProjGameStateTest.php" line="146" assertions="1" time="0.000162"/>
        <testcase name="testPayOutBusted" class="App\Tests\Service\ProjGameStateTest" classname="App.Tests.Service.ProjGameStateTest" file="/home/grimgoren/dbwebb-kurser/mvc/me/report/tests/Blackjack/ProjGameStateTest.php" line="158" assertions="1" time="0.000164"/>
        <testcase name="testPayOutDealer" class="App\Tests\Service\ProjGameStateTest" classname="App.Tests.Service.ProjGameStateTest" file="/home/grimgoren/dbwebb-kurser/mvc/me/report/tests/Blackjack/ProjGameStateTest.php" line="170" assertions="1" time="0.000198"/>
      </testsuite>
      <testsuite name="App\Card\CardGraphicTest" file="/home/grimgoren/dbwebb-kurser/mvc/me/report/tests/Card/CardGraphicTest.php" tests="3" assertions="5" errors="0" warnings="0" failures="0" skipped="0" time="0.001667">
        <testcase name="testCreateCard" class="App\Card\CardGraphicTest" classname="App.Card.CardGraphicTest" file="/home/grimgoren/dbwebb-kurser/mvc/me/report/tests/Card/CardGraphicTest.php" line="16" assertions="3" time="0.001279"/>
        <testcase name="testGetRank" class="App\Card\CardGraphicTest" classname="App.Card.CardGraphicTest" file="/home/grimgoren/dbwebb-kurser/mvc/me/report/tests/Card/CardGraphicTest.php" line="32" assertions="1" time="0.000200"/>
        <testcase name="testGetSuit" class="App\Card\CardGraphicTest" classname="App.Card.CardGraphicTest" file="/home/grimgoren/dbwebb-kurser/mvc/me/report/tests/Card/CardGraphicTest.php" line="45" assertions="1" time="0.000188"/>
      </testsuite>
      <testsuite name="App\Card\CardHandTest" file="/home/grimgoren/dbwebb-kurser/mvc/me/report/tests/Card/CardHandTest.php" tests="4" assertions="10" errors="0" warnings="0" failures="0" skipped="0" time="0.001643">
        <testcase name="testCreateCardHand" class="App\Card\CardHandTest" classname="App.Card.CardHandTest" file="/home/grimgoren/dbwebb-kurser/mvc/me/report/tests/Card/CardHandTest.php" line="15" assertions="2" time="0.000455"/>
        <testcase name="testAddCardToHand" class="App\Card\CardHandTest" classname="App.Card.CardHandTest" file="/home/grimgoren/dbwebb-kurser/mvc/me/report/tests/Card/CardHandTest.php" line="26" assertions="2" time="0.000493"/>
        <testcase name="testGetCardsAsString" class="App\Card\CardHandTest" classname="App.Card.CardHandTest" file="/home/grimgoren/dbwebb-kurser/mvc/me/report/tests/Card/CardHandTest.php" line="42" assertions="3" time="0.000221"/>
        <testcase name="testGetHandValue" class="App\Card\CardHandTest" classname="App.Card.CardHandTest" file="/home/grimgoren/dbwebb-kurser/mvc/me/report/tests/Card/CardHandTest.php" line="65" assertions="3" time="0.000474"/>
      </testsuite>
      <testsuite name="App\Card\CardTest" file="/home/grimgoren/dbwebb-kurser/mvc/me/report/tests/Card/CardTest.php" tests="3" assertions="5" errors="0" warnings="0" failures="0" skipped="0" time="0.000587">
        <testcase name="testCreateCard" class="App\Card\CardTest" classname="App.Card.CardTest" file="/home/grimgoren/dbwebb-kurser/mvc/me/report/tests/Card/CardTest.php" line="16" assertions="3" time="0.000217"/>
        <testcase name="testGetRank" class="App\Card\CardTest" classname="App.Card.CardTest" file="/home/grimgoren/dbwebb-kurser/mvc/me/report/tests/Card/CardTest.php" line="32" assertions="1" time="0.000200"/>
        <testcase name="testGetSuit" class="App\Card\CardTest" classname="App.Card.CardTest" file="/home/grimgoren/dbwebb-kurser/mvc/me/report/tests/Card/CardTest.php" line="45" assertions="1" time="0.000171"/>
      </testsuite>
      <testsuite name="App\Card\DeckOfCardsTest" file="/home/grimgoren/dbwebb-kurser/mvc/me/report/tests/Card/DeckOfCardsTest.php" tests="6" assertions="14" errors="0" warnings="0" failures="0" skipped="0" time="0.017931">
        <testcase name="testInitializeDeck" class="App\Card\DeckOfCardsTest" classname="App.Card.DeckOfCardsTest" file="/home/grimgoren/dbwebb-kurser/mvc/me/report/tests/Card/DeckOfCardsTest.php" line="15" assertions="3" time="0.000291"/>
        <testcase name="testShuffleDeck" class="App\Card\DeckOfCardsTest" classname="App.Card.DeckOfCardsTest" file="/home/grimgoren/dbwebb-kurser/mvc/me/report/tests/Card/DeckOfCardsTest.php" line="29" assertions="2" time="0.007451"/>
        <testcase name="testDrawCard" class="App\Card\DeckOfCardsTest" classname="App.Card.DeckOfCardsTest" file="/home/grimgoren/dbwebb-kurser/mvc/me/report/tests/Card/DeckOfCardsTest.php" line="44" assertions="2" time="0.000303"/>
        <testcase name="testDrawManyOfCard" class="App\Card\DeckOfCardsTest" classname="App.Card.DeckOfCardsTest" file="/home/grimgoren/dbwebb-kurser/mvc/me/report/tests/Card/DeckOfCardsTest.php" line="57" assertions="2" time="0.000375"/>
        <testcase name="testGetAsString" class="App\Card\DeckOfCardsTest" classname="App.Card.DeckOfCardsTest" file="/home/grimgoren/dbwebb-kurser/mvc/me/report/tests/Card/DeckOfCardsTest.php" line="86" assertions="2" time="0.000687"/>
        <testcase name="testSortByValue" class="App\Card\DeckOfCardsTest" classname="App.Card.DeckOfCardsTest" file="/home/grimgoren/dbwebb-kurser/mvc/me/report/tests/Card/DeckOfCardsTest.php" line="99" assertions="3" time="0.008823"/>
      </testsuite>
      <testsuite name="App\Dice\DiceTest" file="/home/grimgoren/dbwebb-kurser/mvc/me/report/tests/Dice/DiceTest.php" tests="1" assertions="2" errors="0" warnings="0" failures="0" skipped="0" time="0.000468">
        <testcase name="testCreateDice" class="App\Dice\DiceTest" classname="App.Dice.DiceTest" file="/home/grimgoren/dbwebb-kurser/mvc/me/report/tests/Dice/DiceTest.php" line="16" assertions="2" time="0.000468"/>
      </testsuite>
      <testsuite name="App\Tests\Controller\LibraryControllerJsonTest" file="/home/grimgoren/dbwebb-kurser/mvc/me/report/tests/Library/LibraryControllerJsonTest.php" tests="3" assertions="15" errors="0" warnings="0" failures="0" skipped="0" time="0.154218">
        <testcase name="testShowAllLibraryItemsJson" class="App\Tests\Controller\LibraryControllerJsonTest" classname="App.Tests.Controller.LibraryControllerJsonTest" file="/home/grimgoren/dbwebb-kurser/mvc/me/report/tests/Library/LibraryControllerJsonTest.php" line="12" assertions="5" time="0.140719"/>
        <testcase name="testShowLibraryItemByIdJson" class="App\Tests\Controller\LibraryControllerJsonTest" classname="App.Tests.Controller.LibraryControllerJsonTest" file="/home/grimgoren/dbwebb-kurser/mvc/me/report/tests/Library/LibraryControllerJsonTest.php" line="29" assertions="5" time="0.007306"/>
        <testcase name="testShowLibraryItemByISBNJson" class="App\Tests\Controller\LibraryControllerJsonTest" classname="App.Tests.Controller.LibraryControllerJsonTest" file="/home/grimgoren/dbwebb-kurser/mvc/me/report/tests/Library/LibraryControllerJsonTest.php" line="46" assertions="5" time="0.006193"/>
      </testsuite>
      <testsuite name="App\Tests\Controller\LibraryControllerTest" file="/home/grimgoren/dbwebb-kurser/mvc/me/report/tests/Library/LibraryControllerTest.php" tests="13" assertions="53" errors="0" warnings="0" failures="0" skipped="0" time="0.131716">
        <testcase name="testIndexPage" class="App\Tests\Controller\LibraryControllerTest" classname="App.Tests.Controller.LibraryControllerTest" file="/home/grimgoren/dbwebb-kurser/mvc/me/report/tests/Library/LibraryControllerTest.php" line="12" assertions="5" time="0.023562"/>
        <testcase name="testLandingPage" class="App\Tests\Controller\LibraryControllerTest" classname="App.Tests.Controller.LibraryControllerTest" file="/home/grimgoren/dbwebb-kurser/mvc/me/report/tests/Library/LibraryControllerTest.php" line="25" assertions="5" time="0.008171"/>
        <testcase name="testAddBookPage" class="App\Tests\Controller\LibraryControllerTest" classname="App.Tests.Controller.LibraryControllerTest" file="/home/grimgoren/dbwebb-kurser/mvc/me/report/tests/Library/LibraryControllerTest.php" line="38" assertions="5" time="0.008298"/>
        <testcase name="testShowAllBooksPage" class="App\Tests\Controller\LibraryControllerTest" classname="App.Tests.Controller.LibraryControllerTest" file="/home/grimgoren/dbwebb-kurser/mvc/me/report/tests/Library/LibraryControllerTest.php" line="51" assertions="5" time="0.010937"/>
        <testcase name="testShowBookDetailsPage" class="App\Tests\Controller\LibraryControllerTest" classname="App.Tests.Controller.LibraryControllerTest" file="/home/grimgoren/dbwebb-kurser/mvc/me/report/tests/Library/LibraryControllerTest.php" line="64" assertions="5" time="0.021881"/>
        <testcase name="testShowBookDetailsFakeData" class="App\Tests\Controller\LibraryControllerTest" classname="App.Tests.Controller.LibraryControllerTest" file="/home/grimgoren/dbwebb-kurser/mvc/me/report/tests/Library/LibraryControllerTest.php" line="77" assertions="2" time="0.006883"/>
        <testcase name="testCreateBookFailPage" class="App\Tests\Controller\LibraryControllerTest" classname="App.Tests.Controller.LibraryControllerTest" file="/home/grimgoren/dbwebb-kurser/mvc/me/report/tests/Library/LibraryControllerTest.php" line="87" assertions="5" time="0.008994"/>
        <testcase name="testSearchFailPage" class="App\Tests\Controller\LibraryControllerTest" classname="App.Tests.Controller.LibraryControllerTest" file="/home/grimgoren/dbwebb-kurser/mvc/me/report/tests/Library/LibraryControllerTest.php" line="100" assertions="3" time="0.005116"/>
        <testcase name="testSearchSuccessPage" class="App\Tests\Controller\LibraryControllerTest" classname="App.Tests.Controller.LibraryControllerTest" file="/home/grimgoren/dbwebb-kurser/mvc/me/report/tests/Library/LibraryControllerTest.php" line="111" assertions="4" time="0.010416"/>
        <testcase name="testEditPage" class="App\Tests\Controller\LibraryControllerTest" classname="App.Tests.Controller.LibraryControllerTest" file="/home/grimgoren/dbwebb-kurser/mvc/me/report/tests/Library/LibraryControllerTest.php" line="126" assertions="5" time="0.011154"/>
        <testcase name="testEditPageFailPage" class="App\Tests\Controller\LibraryControllerTest" classname="App.Tests.Controller.LibraryControllerTest" file="/home/grimgoren/dbwebb-kurser/mvc/me/report/tests/Library/LibraryControllerTest.php" line="139" assertions="3" time="0.005471"/>
        <testcase name="testEditBookInvalidData" class="App\Tests\Controller\LibraryControllerTest" classname="App.Tests.Controller.LibraryControllerTest" file="/home/grimgoren/dbwebb-kurser/mvc/me/report/tests/Library/LibraryControllerTest.php" line="150" assertions="3" time="0.005213"/>
        <testcase name="testLibraryDeleteFailPage" class="App\Tests\Controller\LibraryControllerTest" classname="App.Tests.Controller.LibraryControllerTest" file="/home/grimgoren/dbwebb-kurser/mvc/me/report/tests/Library/LibraryControllerTest.php" line="166" assertions="3" time="0.005619"/>
      </testsuite>
    </testsuite>
  </testsuite>
</testsuites>
