<?xml version="1.0" encoding="UTF-8"?>
<testsuites>
  <testsuite name="" tests="28" assertions="84" errors="0" warnings="0" failures="0" skipped="0" time="1.529160">
    <testsuite name="Project Test Suite" tests="28" assertions="84" errors="0" warnings="0" failures="0" skipped="0" time="1.529160">
      <testsuite name="App\Card\CardGraphicTest" file="/home/grimgoren/dbwebb-kurser/mvc/me/report/tests/Card/CardGraphicTest.php" tests="3" assertions="5" errors="0" warnings="0" failures="0" skipped="0" time="0.004129">
        <testcase name="testCreateCard" class="App\Card\CardGraphicTest" classname="App.Card.CardGraphicTest" file="/home/grimgoren/dbwebb-kurser/mvc/me/report/tests/Card/CardGraphicTest.php" line="16" assertions="3" time="0.003774"/>
        <testcase name="testGetRank" class="App\Card\CardGraphicTest" classname="App.Card.CardGraphicTest" file="/home/grimgoren/dbwebb-kurser/mvc/me/report/tests/Card/CardGraphicTest.php" line="32" assertions="1" time="0.000181"/>
        <testcase name="testGetSuit" class="App\Card\CardGraphicTest" classname="App.Card.CardGraphicTest" file="/home/grimgoren/dbwebb-kurser/mvc/me/report/tests/Card/CardGraphicTest.php" line="45" assertions="1" time="0.000174"/>
      </testsuite>
      <testsuite name="App\Card\CardHandTest" file="/home/grimgoren/dbwebb-kurser/mvc/me/report/tests/Card/CardHandTest.php" tests="4" assertions="10" errors="0" warnings="0" failures="0" skipped="0" time="0.001653">
        <testcase name="testCreateCardHand" class="App\Card\CardHandTest" classname="App.Card.CardHandTest" file="/home/grimgoren/dbwebb-kurser/mvc/me/report/tests/Card/CardHandTest.php" line="15" assertions="2" time="0.000501"/>
        <testcase name="testAddCardToHand" class="App\Card\CardHandTest" classname="App.Card.CardHandTest" file="/home/grimgoren/dbwebb-kurser/mvc/me/report/tests/Card/CardHandTest.php" line="26" assertions="2" time="0.000535"/>
        <testcase name="testGetCardsAsString" class="App\Card\CardHandTest" classname="App.Card.CardHandTest" file="/home/grimgoren/dbwebb-kurser/mvc/me/report/tests/Card/CardHandTest.php" line="42" assertions="3" time="0.000199"/>
        <testcase name="testGetHandValue" class="App\Card\CardHandTest" classname="App.Card.CardHandTest" file="/home/grimgoren/dbwebb-kurser/mvc/me/report/tests/Card/CardHandTest.php" line="65" assertions="3" time="0.000418"/>
      </testsuite>
      <testsuite name="App\Card\CardTest" file="/home/grimgoren/dbwebb-kurser/mvc/me/report/tests/Card/CardTest.php" tests="3" assertions="5" errors="0" warnings="0" failures="0" skipped="0" time="0.000537">
        <testcase name="testCreateCard" class="App\Card\CardTest" classname="App.Card.CardTest" file="/home/grimgoren/dbwebb-kurser/mvc/me/report/tests/Card/CardTest.php" line="16" assertions="3" time="0.000203"/>
        <testcase name="testGetRank" class="App\Card\CardTest" classname="App.Card.CardTest" file="/home/grimgoren/dbwebb-kurser/mvc/me/report/tests/Card/CardTest.php" line="32" assertions="1" time="0.000164"/>
        <testcase name="testGetSuit" class="App\Card\CardTest" classname="App.Card.CardTest" file="/home/grimgoren/dbwebb-kurser/mvc/me/report/tests/Card/CardTest.php" line="45" assertions="1" time="0.000171"/>
      </testsuite>
      <testsuite name="App\Card\DeckOfCardsTest" file="/home/grimgoren/dbwebb-kurser/mvc/me/report/tests/Card/DeckOfCardsTest.php" tests="6" assertions="14" errors="0" warnings="0" failures="0" skipped="0" time="0.017294">
        <testcase name="testInitializeDeck" class="App\Card\DeckOfCardsTest" classname="App.Card.DeckOfCardsTest" file="/home/grimgoren/dbwebb-kurser/mvc/me/report/tests/Card/DeckOfCardsTest.php" line="15" assertions="3" time="0.000263"/>
        <testcase name="testShuffleDeck" class="App\Card\DeckOfCardsTest" classname="App.Card.DeckOfCardsTest" file="/home/grimgoren/dbwebb-kurser/mvc/me/report/tests/Card/DeckOfCardsTest.php" line="29" assertions="2" time="0.006920"/>
        <testcase name="testDrawCard" class="App\Card\DeckOfCardsTest" classname="App.Card.DeckOfCardsTest" file="/home/grimgoren/dbwebb-kurser/mvc/me/report/tests/Card/DeckOfCardsTest.php" line="44" assertions="2" time="0.000280"/>
        <testcase name="testDrawManyOfCard" class="App\Card\DeckOfCardsTest" classname="App.Card.DeckOfCardsTest" file="/home/grimgoren/dbwebb-kurser/mvc/me/report/tests/Card/DeckOfCardsTest.php" line="57" assertions="2" time="0.000355"/>
        <testcase name="testGetAsString" class="App\Card\DeckOfCardsTest" classname="App.Card.DeckOfCardsTest" file="/home/grimgoren/dbwebb-kurser/mvc/me/report/tests/Card/DeckOfCardsTest.php" line="86" assertions="2" time="0.000606"/>
        <testcase name="testSortByValue" class="App\Card\DeckOfCardsTest" classname="App.Card.DeckOfCardsTest" file="/home/grimgoren/dbwebb-kurser/mvc/me/report/tests/Card/DeckOfCardsTest.php" line="99" assertions="3" time="0.008871"/>
      </testsuite>
      <testsuite name="App\Dice\DiceTest" file="/home/grimgoren/dbwebb-kurser/mvc/me/report/tests/Dice/DiceTest.php" tests="1" assertions="2" errors="0" warnings="0" failures="0" skipped="0" time="0.000455">
        <testcase name="testCreateDice" class="App\Dice\DiceTest" classname="App.Dice.DiceTest" file="/home/grimgoren/dbwebb-kurser/mvc/me/report/tests/Dice/DiceTest.php" line="16" assertions="2" time="0.000455"/>
      </testsuite>
      <testsuite name="App\Tests\Controller\LibraryControllerTest" file="/home/grimgoren/dbwebb-kurser/mvc/me/report/tests/Library/LibraryControllerTest.php" tests="11" assertions="48" errors="0" warnings="0" failures="0" skipped="0" time="1.505092">
        <testcase name="testIndexPage" class="App\Tests\Controller\LibraryControllerTest" classname="App.Tests.Controller.LibraryControllerTest" file="/home/grimgoren/dbwebb-kurser/mvc/me/report/tests/Library/LibraryControllerTest.php" line="12" assertions="5" time="1.367656"/>
        <testcase name="testLandingPage" class="App\Tests\Controller\LibraryControllerTest" classname="App.Tests.Controller.LibraryControllerTest" file="/home/grimgoren/dbwebb-kurser/mvc/me/report/tests/Library/LibraryControllerTest.php" line="25" assertions="5" time="0.010279"/>
        <testcase name="testAddBookPage" class="App\Tests\Controller\LibraryControllerTest" classname="App.Tests.Controller.LibraryControllerTest" file="/home/grimgoren/dbwebb-kurser/mvc/me/report/tests/Library/LibraryControllerTest.php" line="38" assertions="5" time="0.008776"/>
        <testcase name="testShowAllBooksPage" class="App\Tests\Controller\LibraryControllerTest" classname="App.Tests.Controller.LibraryControllerTest" file="/home/grimgoren/dbwebb-kurser/mvc/me/report/tests/Library/LibraryControllerTest.php" line="51" assertions="5" time="0.038677"/>
        <testcase name="testShowBookDetailsPage" class="App\Tests\Controller\LibraryControllerTest" classname="App.Tests.Controller.LibraryControllerTest" file="/home/grimgoren/dbwebb-kurser/mvc/me/report/tests/Library/LibraryControllerTest.php" line="64" assertions="5" time="0.023493"/>
        <testcase name="testCreateBookFailPage" class="App\Tests\Controller\LibraryControllerTest" classname="App.Tests.Controller.LibraryControllerTest" file="/home/grimgoren/dbwebb-kurser/mvc/me/report/tests/Library/LibraryControllerTest.php" line="77" assertions="5" time="0.013183"/>
        <testcase name="testSearchFailPage" class="App\Tests\Controller\LibraryControllerTest" classname="App.Tests.Controller.LibraryControllerTest" file="/home/grimgoren/dbwebb-kurser/mvc/me/report/tests/Library/LibraryControllerTest.php" line="90" assertions="3" time="0.005359"/>
        <testcase name="testSearchSuccessPage" class="App\Tests\Controller\LibraryControllerTest" classname="App.Tests.Controller.LibraryControllerTest" file="/home/grimgoren/dbwebb-kurser/mvc/me/report/tests/Library/LibraryControllerTest.php" line="101" assertions="4" time="0.011992"/>
        <testcase name="testEditPage" class="App\Tests\Controller\LibraryControllerTest" classname="App.Tests.Controller.LibraryControllerTest" file="/home/grimgoren/dbwebb-kurser/mvc/me/report/tests/Library/LibraryControllerTest.php" line="116" assertions="5" time="0.012817"/>
        <testcase name="testEditPageFailPage" class="App\Tests\Controller\LibraryControllerTest" classname="App.Tests.Controller.LibraryControllerTest" file="/home/grimgoren/dbwebb-kurser/mvc/me/report/tests/Library/LibraryControllerTest.php" line="129" assertions="3" time="0.006566"/>
        <testcase name="testLibraryDeleteFailPage" class="App\Tests\Controller\LibraryControllerTest" classname="App.Tests.Controller.LibraryControllerTest" file="/home/grimgoren/dbwebb-kurser/mvc/me/report/tests/Library/LibraryControllerTest.php" line="140" assertions="3" time="0.006293"/>
      </testsuite>
    </testsuite>
  </testsuite>
</testsuites>
