<?xml version="1.0" encoding="UTF-8"?>
<testsuites>
  <testsuite name="" tests="25" assertions="73" errors="0" warnings="0" failures="0" skipped="0" time="0.578623">
    <testsuite name="Project Test Suite" tests="25" assertions="73" errors="0" warnings="0" failures="0" skipped="0" time="0.578623">
      <testsuite name="App\Card\CardGraphicTest" file="/home/grimgoren/dbwebb-kurser/mvc/me/report/tests/Card/CardGraphicTest.php" tests="3" assertions="5" errors="0" warnings="0" failures="0" skipped="0" time="0.005024">
        <testcase name="testCreateCard" class="App\Card\CardGraphicTest" classname="App.Card.CardGraphicTest" file="/home/grimgoren/dbwebb-kurser/mvc/me/report/tests/Card/CardGraphicTest.php" line="16" assertions="3" time="0.004645"/>
        <testcase name="testGetRank" class="App\Card\CardGraphicTest" classname="App.Card.CardGraphicTest" file="/home/grimgoren/dbwebb-kurser/mvc/me/report/tests/Card/CardGraphicTest.php" line="32" assertions="1" time="0.000202"/>
        <testcase name="testGetSuit" class="App\Card\CardGraphicTest" classname="App.Card.CardGraphicTest" file="/home/grimgoren/dbwebb-kurser/mvc/me/report/tests/Card/CardGraphicTest.php" line="45" assertions="1" time="0.000177"/>
      </testsuite>
      <testsuite name="App\Card\CardHandTest" file="/home/grimgoren/dbwebb-kurser/mvc/me/report/tests/Card/CardHandTest.php" tests="4" assertions="10" errors="0" warnings="0" failures="0" skipped="0" time="0.002319">
        <testcase name="testCreateCardHand" class="App\Card\CardHandTest" classname="App.Card.CardHandTest" file="/home/grimgoren/dbwebb-kurser/mvc/me/report/tests/Card/CardHandTest.php" line="15" assertions="2" time="0.000809"/>
        <testcase name="testAddCardToHand" class="App\Card\CardHandTest" classname="App.Card.CardHandTest" file="/home/grimgoren/dbwebb-kurser/mvc/me/report/tests/Card/CardHandTest.php" line="26" assertions="2" time="0.000533"/>
        <testcase name="testGetCardsAsString" class="App\Card\CardHandTest" classname="App.Card.CardHandTest" file="/home/grimgoren/dbwebb-kurser/mvc/me/report/tests/Card/CardHandTest.php" line="42" assertions="3" time="0.000225"/>
        <testcase name="testGetHandValue" class="App\Card\CardHandTest" classname="App.Card.CardHandTest" file="/home/grimgoren/dbwebb-kurser/mvc/me/report/tests/Card/CardHandTest.php" line="65" assertions="3" time="0.000752"/>
      </testsuite>
      <testsuite name="App\Card\CardTest" file="/home/grimgoren/dbwebb-kurser/mvc/me/report/tests/Card/CardTest.php" tests="3" assertions="5" errors="0" warnings="0" failures="0" skipped="0" time="0.000571">
        <testcase name="testCreateCard" class="App\Card\CardTest" classname="App.Card.CardTest" file="/home/grimgoren/dbwebb-kurser/mvc/me/report/tests/Card/CardTest.php" line="16" assertions="3" time="0.000215"/>
        <testcase name="testGetRank" class="App\Card\CardTest" classname="App.Card.CardTest" file="/home/grimgoren/dbwebb-kurser/mvc/me/report/tests/Card/CardTest.php" line="32" assertions="1" time="0.000179"/>
        <testcase name="testGetSuit" class="App\Card\CardTest" classname="App.Card.CardTest" file="/home/grimgoren/dbwebb-kurser/mvc/me/report/tests/Card/CardTest.php" line="45" assertions="1" time="0.000178"/>
      </testsuite>
      <testsuite name="App\Card\DeckOfCardsTest" file="/home/grimgoren/dbwebb-kurser/mvc/me/report/tests/Card/DeckOfCardsTest.php" tests="6" assertions="14" errors="0" warnings="0" failures="0" skipped="0" time="0.017794">
        <testcase name="testInitializeDeck" class="App\Card\DeckOfCardsTest" classname="App.Card.DeckOfCardsTest" file="/home/grimgoren/dbwebb-kurser/mvc/me/report/tests/Card/DeckOfCardsTest.php" line="15" assertions="3" time="0.000283"/>
        <testcase name="testShuffleDeck" class="App\Card\DeckOfCardsTest" classname="App.Card.DeckOfCardsTest" file="/home/grimgoren/dbwebb-kurser/mvc/me/report/tests/Card/DeckOfCardsTest.php" line="29" assertions="2" time="0.007604"/>
        <testcase name="testDrawCard" class="App\Card\DeckOfCardsTest" classname="App.Card.DeckOfCardsTest" file="/home/grimgoren/dbwebb-kurser/mvc/me/report/tests/Card/DeckOfCardsTest.php" line="44" assertions="2" time="0.000339"/>
        <testcase name="testDrawManyOfCard" class="App\Card\DeckOfCardsTest" classname="App.Card.DeckOfCardsTest" file="/home/grimgoren/dbwebb-kurser/mvc/me/report/tests/Card/DeckOfCardsTest.php" line="57" assertions="2" time="0.000384"/>
        <testcase name="testGetAsString" class="App\Card\DeckOfCardsTest" classname="App.Card.DeckOfCardsTest" file="/home/grimgoren/dbwebb-kurser/mvc/me/report/tests/Card/DeckOfCardsTest.php" line="86" assertions="2" time="0.000674"/>
        <testcase name="testSortByValue" class="App\Card\DeckOfCardsTest" classname="App.Card.DeckOfCardsTest" file="/home/grimgoren/dbwebb-kurser/mvc/me/report/tests/Card/DeckOfCardsTest.php" line="99" assertions="3" time="0.008510"/>
      </testsuite>
      <testsuite name="App\Dice\DiceTest" file="/home/grimgoren/dbwebb-kurser/mvc/me/report/tests/Dice/DiceTest.php" tests="1" assertions="2" errors="0" warnings="0" failures="0" skipped="0" time="0.001134">
        <testcase name="testCreateDice" class="App\Dice\DiceTest" classname="App.Dice.DiceTest" file="/home/grimgoren/dbwebb-kurser/mvc/me/report/tests/Dice/DiceTest.php" line="16" assertions="2" time="0.001134"/>
      </testsuite>
      <testsuite name="App\Tests\Controller\LibraryControllerTest" file="/home/grimgoren/dbwebb-kurser/mvc/me/report/tests/Library/LibraryControllerTest.php" tests="8" assertions="37" errors="0" warnings="0" failures="0" skipped="0" time="0.551780">
        <testcase name="testIndexPage" class="App\Tests\Controller\LibraryControllerTest" classname="App.Tests.Controller.LibraryControllerTest" file="/home/grimgoren/dbwebb-kurser/mvc/me/report/tests/Library/LibraryControllerTest.php" line="12" assertions="5" time="0.356200"/>
        <testcase name="testLandingPage" class="App\Tests\Controller\LibraryControllerTest" classname="App.Tests.Controller.LibraryControllerTest" file="/home/grimgoren/dbwebb-kurser/mvc/me/report/tests/Library/LibraryControllerTest.php" line="25" assertions="5" time="0.009768"/>
        <testcase name="testAddBookPage" class="App\Tests\Controller\LibraryControllerTest" classname="App.Tests.Controller.LibraryControllerTest" file="/home/grimgoren/dbwebb-kurser/mvc/me/report/tests/Library/LibraryControllerTest.php" line="38" assertions="5" time="0.009300"/>
        <testcase name="testShowAllBooksPage" class="App\Tests\Controller\LibraryControllerTest" classname="App.Tests.Controller.LibraryControllerTest" file="/home/grimgoren/dbwebb-kurser/mvc/me/report/tests/Library/LibraryControllerTest.php" line="51" assertions="5" time="0.077356"/>
        <testcase name="testShowBookDetailsPage" class="App\Tests\Controller\LibraryControllerTest" classname="App.Tests.Controller.LibraryControllerTest" file="/home/grimgoren/dbwebb-kurser/mvc/me/report/tests/Library/LibraryControllerTest.php" line="64" assertions="5" time="0.034654"/>
        <testcase name="testCreateBookFailPage" class="App\Tests\Controller\LibraryControllerTest" classname="App.Tests.Controller.LibraryControllerTest" file="/home/grimgoren/dbwebb-kurser/mvc/me/report/tests/Library/LibraryControllerTest.php" line="77" assertions="5" time="0.009616"/>
        <testcase name="testSearchFailPage" class="App\Tests\Controller\LibraryControllerTest" classname="App.Tests.Controller.LibraryControllerTest" file="/home/grimgoren/dbwebb-kurser/mvc/me/report/tests/Library/LibraryControllerTest.php" line="90" assertions="3" time="0.007242"/>
        <testcase name="testSearchSuccessPage" class="App\Tests\Controller\LibraryControllerTest" classname="App.Tests.Controller.LibraryControllerTest" file="/home/grimgoren/dbwebb-kurser/mvc/me/report/tests/Library/LibraryControllerTest.php" line="101" assertions="4" time="0.047645"/>
      </testsuite>
    </testsuite>
  </testsuite>
</testsuites>
